<?xml version="1.0" encoding="UTF-8"?>

<root>
	<Presentation Name="Label (ACMN2)">
        	<Property Name="Text" Value="&#x17;Account Cycle" DiffType="CHANGED" Value2="Account Cycle" />
	</Presentation>
</root>